Arguments: 
  /usr/local/bin/node /usr/local/bin/yarn

PATH: 
  /usr/local/bin:/usr/bin:/bin:/usr/sbin:/sbin:/Applications/Keybase.app/Contents/SharedSupport/bin

Yarn version: 
  1.16.0

Node version: 
  10.16.0

Platform: 
  darwin x64

Trace: 
  SyntaxError: /Users/victor.fernandes/Documents/talkdesk/hackaton/data/package.json: Unexpected token } in JSON at position 658
      at JSON.parse (<anonymous>)
      at /usr/local/lib/node_modules/yarn/lib/cli.js:1625:59
      at Generator.next (<anonymous>)
      at step (/usr/local/lib/node_modules/yarn/lib/cli.js:304:30)
      at /usr/local/lib/node_modules/yarn/lib/cli.js:315:13

npm manifest: 
  {
    "name": "webpack-react-boilerplate",
    "version": "1.0.0",
    "description": "Too hipster to use react-create-app",
    "main": "index.js",
    "scripts": {
      "start": "webpack-dev-server --config webpack.development.js  --progress --colors",
      "production": "NODE_ENV=production webpack --config webpack.production.js --progress --colors"
    },
    "repository": {
      "type": "git",
      "url": "git+https://github.com/victorfern91/webpack-react-boilerplate.git"
    },
    "keywords": [
      "webpack",
      "react",
      "boilerplate"
    ],
    "author": "victorfern91",
    "license": "MIT",
    "dependencies": {
      "react": "^16.6.3",
      "react-dom": "^16.6.3",
    },
    "devDependencies": {
      "@babel/runtime": "^7.1.5",
      "@babel/core": "^7.1.6",
      "@babel/plugin-transform-runtime": "^7.1.0",
      "@babel/preset-env": "^7.1.6",
      "@babel/preset-react": "^7.0.0",
      "babel-loader": "^8.0.4",
      "babel-plugin-syntax-dynamic-import": "^6.18.0",
      "babel-plugin-transform-react-remove-prop-types": "^0.4.20",
      "duplicate-package-checker-webpack-plugin": "^3.0.0",
      "error-overlay-webpack-plugin": "^0.1.5",
      "file-loader": "^2.0.0",
      "html-webpack-plugin": "^3.2.0",
      "react-hot-loader": "^4.3.12",
      "terser-webpack-plugin": "^1.1.0",
      "webpack": "^4.25.1",
      "webpack-bundle-analyzer": "^3.3.2",
      "webpack-cli": "^3.1.2",
      "webpack-dev-server": "^3.7.0",
      "webpack-merge": "^4.1.4"
    }
  }

yarn manifest: 
  No manifest

Lockfile: 
  No lockfile
